#### DBGLogOpen Called /media/Infinity/dev/BasicGames/b2c/b2c.cpp[2103]
Loading var translations
  Line='# Functions'
  orig_name='#'
  Line=''
  Line='# Intrinsics (Change mangled name back to original name) '
  orig_name='#'
  Line='SPACE_str     | SPACE'
  orig_name='SPACE_str'
  new_name='SPACE'
  Line='MID_str       | MID'
  orig_name='MID_str'
  new_name='MID'
  Line='CHR_str       | CHR'
  orig_name='CHR_str'
  new_name='CHR'
  Line='RIGHT_str     | RIGHT'
  orig_name='RIGHT_str'
  new_name='RIGHT'
  Line='LEFT_str      | LEFT'
  orig_name='LEFT_str'
  new_name='LEFT'
  Line=''
  Line='# Variables'
  orig_name='#'
  Line='A1_str            | s2Answer'
  orig_name='A1_str'
  new_name='s2Answer'
  Line='A_int             | iAnswer'
  orig_name='A_int'
  new_name='iAnswer'
  Line='A_str             | s1Answer'
  orig_name='A_str'
  new_name='s1Answer'
  Line='B_int             | B_int'
  orig_name='B_int'
  new_name='B_int'
  Line='C1_int            | ClewsoConfrontCnt'
  orig_name='C1_int'
  new_name='ClewsoConfrontCnt'
  Line='C_int             | ClewsoQuestionCnt'
  orig_name='C_int'
  new_name='ClewsoQuestionCnt'
  Line='H_int             | TallyInfoCorrect'
  orig_name='H_int'
  new_name='TallyInfoCorrect'
  Line='I_int             | idx1'
  orig_name='I_int'
  new_name='idx1'
  Line='K_int             | Person'
  orig_name='K_int'
  new_name='Person'
  Line='Killer            | Killer'
  orig_name='Killer'
  new_name='Killer'
  Line='L_int             | Time'
  orig_name='L_int'
  new_name='Time'
  Line='M_int             | Killer'
  orig_name='M_int'
  new_name='Killer'
  Line='P_int_arr         | SuspectMovement'
  orig_name='P_int_arr'
  new_name='SuspectMovement'
  Line='R1_int            | SuspectLocationAtHour'
  orig_name='R1_int'
  new_name='SuspectLocationAtHour'
  Line='R1_str            | RoomName'
  orig_name='R1_str'
  new_name='RoomName'
  Line='R_int             | RoomOfMurder'
  orig_name='R_int'
  new_name='RoomOfMurder'
  Line='R_str_arr         | RoomNames'
  orig_name='R_str_arr'
  new_name='RoomNames'
  Line='S1_str            | SuspectName'
  orig_name='S1_str'
  new_name='SuspectName'
  Line='S_int             | Suspect'
  orig_name='S_int'
  new_name='Suspect'
  Line='S_str_arr         | NPCNames'
  orig_name='S_str_arr'
  new_name='NPCNames'
  Line='T1_int            | idx2'
  orig_name='T1_int'
  new_name='idx2'
  Line='T1_str            | TimeAnswer'
  orig_name='T1_str'
  new_name='TimeAnswer'
  Line='T_int             | TimeOfMurder'
  orig_name='T_int'
  new_name='TimeOfMurder'
  Line='X_int             | SuspectOrRoomIdx'
  orig_name='X_int'
  new_name='SuspectOrRoomIdx'
  Line='#X_int_arr[11]    | #X_int_arr[11]'
  orig_name='#X_int_arr[11]'
  Line=''
  Line='# Line numbers'
  orig_name='#'
  Line=''
  Line='Lbl_01180       | StartGame'
  orig_name='Lbl_01180'
  new_name='StartGame'
  Line='Lbl_01480       | NotPreviousRoom'
  orig_name='Lbl_01480'
  new_name='NotPreviousRoom'
  Line='Lbl_01580       | QClewsoSuspect'
  orig_name='Lbl_01580'
  new_name='QClewsoSuspect'
  Line='Lbl_01640       | CheckRecognizeName'
  orig_name='Lbl_01640'
  new_name='CheckRecognizeName'
  Line='Lbl_01660       | QSuspectWhereabouts'
  orig_name='Lbl_01660'
  new_name='QSuspectWhereabouts'
  Line='Lbl_01770       | QSuspectLocationAtTime'
  orig_name='Lbl_01770'
  new_name='QSuspectLocationAtTime'
  Line='Lbl_01930       | SuspectLiesAboutTime'
  orig_name='Lbl_01930'
  new_name='SuspectLiesAboutTime'
  Line='Lbl_01950       | ChkSuspectInMurderRoom'
  orig_name='Lbl_01950'
  new_name='ChkSuspectInMurderRoom'
  Line='Lbl_01970       | SuspectInRoomAtTimeOfMurder'
  orig_name='Lbl_01970'
  new_name='SuspectInRoomAtTimeOfMurder'
  Line='Lbl_02010       | SuspectReportHostDead'
  orig_name='Lbl_02010'
  new_name='SuspectReportHostDead'
  Line='Lbl_02030       | SuspectLocationAtTime'
  orig_name='Lbl_02030'
  new_name='SuspectLocationAtTime'
  Line='Lbl_02080       | CheckSawWho'
  orig_name='Lbl_02080'
  new_name='CheckSawWho'
  Line='Lbl_02100       | WithHimself'
  orig_name='Lbl_02100'
  new_name='WithHimself'
  Line='Lbl_02130       | QSuspectTimeInRoom'
  orig_name='Lbl_02130'
  new_name='QSuspectTimeInRoom'
  Line='Lbl_02200       | GotRoomIndex'
  orig_name='Lbl_02200'
  new_name='GotRoomIndex'
  Line='Lbl_02240       | KillerLiesNotInRoom'
  orig_name='Lbl_02240'
  new_name='KillerLiesNotInRoom'
  Line='Lbl_02270       | KillerReportsTimeInRoom'
  orig_name='Lbl_02270'
  new_name='KillerReportsTimeInRoom'
  Line='Lbl_02290       | SuspectReportsTimeInRoom'
  orig_name='Lbl_02290'
  new_name='SuspectReportsTimeInRoom'
  Line='Lbl_02340       | NotInRoomNow'
  orig_name='Lbl_02340'
  new_name='NotInRoomNow'
  Line='Lbl_02390       | ClewsoConfrontsSuspect'
  orig_name='Lbl_02390'
  new_name='ClewsoConfrontsSuspect'
  Line='Lbl_02400       | QWhichInfo'
  orig_name='Lbl_02400'
  new_name='QWhichInfo'
  Line='Lbl_02500       | QSuspectName'
  orig_name='Lbl_02500'
  new_name='QSuspectName'
  Line='Lbl_02560       | GotSuspectIdx'
  orig_name='Lbl_02560'
  new_name='GotSuspectIdx'
  Line='Lbl_02620       | QTimeOfMurder'
  orig_name='Lbl_02620'
  new_name='QTimeOfMurder'
  Line='Lbl_02720       | QRoomOfMurder'
  orig_name='Lbl_02720'
  new_name='QRoomOfMurder'
  Line='Lbl_02780       | CheckRightRoom'
  orig_name='Lbl_02780'
  new_name='CheckRightRoom'
  Line='Lbl_02840       | GotSolution'
  orig_name='Lbl_02840'
  new_name='GotSolution'
  Line='Lbl_02870       | ClewsoGotItWrong'
  orig_name='Lbl_02870'
  new_name='ClewsoGotItWrong'
  Line='Lbl_02890       | ClewsoGivesUp'
  orig_name='Lbl_02890'
  new_name='ClewsoGivesUp'
  Line='Lbl_02930       | QNewGame'
  orig_name='Lbl_02930'
  new_name='QNewGame'
  Line='Lbl_02970       | QuitGame'
  orig_name='Lbl_02970'
  new_name='QuitGame'
Finished loading var translations
Translations:
  'A1_str' --> 's2Answer'
  'A_int' --> 'iAnswer'
  'A_str' --> 's1Answer'
  'B_int' --> 'B_int'
  'C1_int' --> 'ClewsoConfrontCnt'
  'CHR_str' --> 'CHR'
  'C_int' --> 'ClewsoQuestionCnt'
  'H_int' --> 'TallyInfoCorrect'
  'I_int' --> 'idx1'
  'K_int' --> 'Person'
  'Killer' --> 'Killer'
  'LEFT_str' --> 'LEFT'
  'L_int' --> 'Time'
  'Lbl_01180' --> 'StartGame'
  'Lbl_01480' --> 'NotPreviousRoom'
  'Lbl_01580' --> 'QClewsoSuspect'
  'Lbl_01640' --> 'CheckRecognizeName'
  'Lbl_01660' --> 'QSuspectWhereabouts'
  'Lbl_01770' --> 'QSuspectLocationAtTime'
  'Lbl_01930' --> 'SuspectLiesAboutTime'
  'Lbl_01950' --> 'ChkSuspectInMurderRoom'
  'Lbl_01970' --> 'SuspectInRoomAtTimeOfMurder'
  'Lbl_02010' --> 'SuspectReportHostDead'
  'Lbl_02030' --> 'SuspectLocationAtTime'
  'Lbl_02080' --> 'CheckSawWho'
  'Lbl_02100' --> 'WithHimself'
  'Lbl_02130' --> 'QSuspectTimeInRoom'
  'Lbl_02200' --> 'GotRoomIndex'
  'Lbl_02240' --> 'KillerLiesNotInRoom'
  'Lbl_02270' --> 'KillerReportsTimeInRoom'
  'Lbl_02290' --> 'SuspectReportsTimeInRoom'
  'Lbl_02340' --> 'NotInRoomNow'
  'Lbl_02390' --> 'ClewsoConfrontsSuspect'
  'Lbl_02400' --> 'QWhichInfo'
  'Lbl_02500' --> 'QSuspectName'
  'Lbl_02560' --> 'GotSuspectIdx'
  'Lbl_02620' --> 'QTimeOfMurder'
  'Lbl_02720' --> 'QRoomOfMurder'
  'Lbl_02780' --> 'CheckRightRoom'
  'Lbl_02840' --> 'GotSolution'
  'Lbl_02870' --> 'ClewsoGotItWrong'
  'Lbl_02890' --> 'ClewsoGivesUp'
  'Lbl_02930' --> 'QNewGame'
  'Lbl_02970' --> 'QuitGame'
  'MID_str' --> 'MID'
  'M_int' --> 'Killer'
  'P_int_arr' --> 'SuspectMovement'
  'R1_int' --> 'SuspectLocationAtHour'
  'R1_str' --> 'RoomName'
  'RIGHT_str' --> 'RIGHT'
  'R_int' --> 'RoomOfMurder'
  'R_str_arr' --> 'RoomNames'
  'S1_str' --> 'SuspectName'
  'SPACE_str' --> 'SPACE'
  'S_int' --> 'Suspect'
  'S_str_arr' --> 'NPCNames'
  'T1_int' --> 'idx2'
  'T1_str' --> 'TimeAnswer'
  'T_int' --> 'TimeOfMurder'
  'X_int' --> 'SuspectOrRoomIdx'
End Translations.
(PRINTSTMT)basiclval.stype='S1$'
(PRINTSTMT)basiclval.stype='S1$'
(PRINTSTMT)basiclval.stype='R$'
(PRINTSTMT)basiclval.stype='R1'
(PRINTSTMT)basiclval.stype='S$'
(PRINTSTMT)basiclval.stype='K'
(PRINTSTMT)basiclval.stype='S$'
(PRINTSTMT)basiclval.stype='K'
(PRINTSTMT)basiclval.stype='S1$'
(PRINTSTMT)basiclval.stype='T1'
(PRINTSTMT)basiclval.stype='B'
(PRINTSTMT)basiclval.stype='C'
(PRINTSTMT)basiclval.stype='C1'
(PRINTSTMT)basiclval.stype='S$'
(PRINTSTMT)basiclval.stype='M'
(PRINTSTMT)basiclval.stype='T'
(PRINTSTMT)basiclval.stype='R$'
(PRINTSTMT)basiclval.stype='R'
